<?xml version="1.0" encoding="UTF-8" ?>
<testsuite name="TestCafe Tests: Chrome 108.0.0.0 / Windows 10 ( https://automation.lambdatest.com/logs/?sessionID=6663a0a38d94747606c05e036ee40644 )" tests="2" failures="0" skipped="0" errors="0" time="20.254" timestamp="Thu, 09 Feb 2023 23:06:29 GMT" >
  <testcase classname="Unosquare Blog" file="C:\Users\efrain.vergara.UNOSQUARE\OneDrive - Unosquare\Documents\Curso TestCafe\TestCafeFramework\Tests\Unosquare\BlogTests.js" name="Validate First Post and Read More" time="12.459">
  </testcase>
  <testcase classname="Unosquare ContactUs" file="C:\Users\efrain.vergara.UNOSQUARE\OneDrive - Unosquare\Documents\Curso TestCafe\TestCafeFramework\Tests\Unosquare\ContactTests.js" name="Validate error messages" time="6.605">
  </testcase>
</testsuite>